<?xml version="1.0" encoding="UTF-8"?>
<!-- Generated by org.testng.reporters.JUnitXMLReporter -->
<testsuite ignored="0" hostname="HPaf008ax" failures="0" tests="1" name="Login" time="0.107" errors="0" timestamp="2020-10-01T18:09:00 IST">
  <testcase classname="Academy.LoginPageTest" name="@BeforeTest initDriver" time="0.002">
    <failure type="java.lang.NullPointerException">
      <![CDATA[java.lang.NullPointerException
at resources.base.initializeDriver(base.java:33)
at Academy.LoginPageTest.initDriver(LoginPageTest.java:22)
... Removed 24 stack frames]]>
    </failure>
  </testcase> <!-- @BeforeTest initDriver -->
  <testcase classname="Academy.LoginPageTest" name="@AfterTest closeDriver" time="-1.601555940502E9">
    <skipped/>
  </testcase> <!-- @AfterTest closeDriver -->
  <testcase classname="Academy.LoginPageTest" name="initLogin" time="0.0">
    <skipped/>
  </testcase> <!-- initLogin -->
</testsuite> <!-- Login -->
