<?xml version="1.0" encoding="UTF-8"?>
<!-- Generated by org.testng.reporters.JUnitXMLReporter -->
<testsuite ignored="0" hostname="HPaf008ax" failures="0" tests="1" name="Selecting City" time="0.456" errors="0" timestamp="2020-10-01T18:08:58 IST">
  <testcase classname="Academy.HomePageTest" name="@BeforeTest initDrive" time="0.093">
    <failure type="java.lang.NullPointerException">
      <![CDATA[java.lang.NullPointerException
at resources.base.initializeDriver(base.java:33)
at Academy.HomePageTest.initDrive(HomePageTest.java:25)
... Removed 24 stack frames]]>
    </failure>
  </testcase> <!-- @BeforeTest initDrive -->
  <testcase classname="Academy.HomePageTest" name="@AfterTest driverClose" time="-1.601555938239E9">
    <skipped/>
  </testcase> <!-- @AfterTest driverClose -->
  <testcase classname="Academy.HomePageTest" name="selectCity" time="0.0">
    <skipped/>
  </testcase> <!-- selectCity -->
</testsuite> <!-- Selecting City -->
