<?xml version="1.0" encoding="UTF-8"?>
<!-- Generated by org.testng.reporters.JUnitXMLReporter -->
<testsuite ignored="0" hostname="HPaf008ax" failures="0" tests="2" name="Validating NavBar" time="0.046" errors="0" timestamp="2020-10-01T18:09:00 IST">
  <testcase classname="Academy.NavBarCheck" name="@BeforeTest initDrive" time="0.001">
    <failure type="java.lang.NullPointerException">
      <![CDATA[java.lang.NullPointerException
at resources.base.initializeDriver(base.java:33)
at Academy.NavBarCheck.initDrive(NavBarCheck.java:24)
... Removed 24 stack frames]]>
    </failure>
  </testcase> <!-- @BeforeTest initDrive -->
  <testcase classname="Academy.NavBarCheck" name="@AfterTest driverClose" time="-1.601555940899E9">
    <skipped/>
  </testcase> <!-- @AfterTest driverClose -->
  <testcase classname="Academy.NavBarCheck" name="getScrollableCardLinks" time="0.0">
    <skipped/>
  </testcase> <!-- getScrollableCardLinks -->
  <testcase classname="Academy.NavBarCheck" name="navBarDisplay" time="0.0">
    <skipped/>
  </testcase> <!-- navBarDisplay -->
</testsuite> <!-- Validating NavBar -->
