<?xml version="1.0" encoding="UTF-8"?>
<testng-results ignored="0" total="4" passed="2" failed="2" skipped="0">
  <reporter-output>
  </reporter-output>
  <suite started-at="2020-09-26T19:13:40 IST" name="Suite" finished-at="2020-09-26T19:17:16 IST" duration-ms="215742">
    <groups>
    </groups>
    <test started-at="2020-09-26T19:13:40 IST" name="Selecting City" finished-at="2020-09-26T19:14:55 IST" duration-ms="75523">
      <class name="Academy.HomePageTest">
        <test-method is-config="true" signature="initDrive()[pri:0, instance:Academy.HomePageTest@32193bea]" started-at="2020-09-26T19:13:40 IST" name="initDrive" finished-at="2020-09-26T19:14:47 IST" duration-ms="67013" status="PASS">
          <reporter-output>
          </reporter-output>
        </test-method> <!-- initDrive -->
        <test-method signature="selectCity()[pri:0, instance:Academy.HomePageTest@32193bea]" started-at="2020-09-26T19:14:47 IST" name="selectCity" finished-at="2020-09-26T19:14:54 IST" duration-ms="7228" status="PASS">
          <reporter-output>
          </reporter-output>
        </test-method> <!-- selectCity -->
        <test-method is-config="true" signature="driverClose()[pri:0, instance:Academy.HomePageTest@32193bea]" started-at="2020-09-26T19:14:54 IST" name="driverClose" finished-at="2020-09-26T19:14:55 IST" duration-ms="933" status="PASS">
          <reporter-output>
          </reporter-output>
        </test-method> <!-- driverClose -->
      </class> <!-- Academy.HomePageTest -->
    </test> <!-- Selecting City -->
    <test started-at="2020-09-26T19:14:58 IST" name="Login" finished-at="2020-09-26T19:15:42 IST" duration-ms="43853">
      <class name="Academy.LoginPageTest">
        <test-method is-config="true" signature="initDriver()[pri:0, instance:Academy.LoginPageTest@33b1c5c5]" started-at="2020-09-26T19:14:58 IST" name="initDriver" finished-at="2020-09-26T19:15:21 IST" duration-ms="22835" status="PASS">
          <reporter-output>
          </reporter-output>
        </test-method> <!-- initDriver -->
        <test-method signature="initLogin()[pri:0, instance:Academy.LoginPageTest@33b1c5c5]" started-at="2020-09-26T19:15:21 IST" name="initLogin" finished-at="2020-09-26T19:15:40 IST" duration-ms="18544" status="PASS">
          <reporter-output>
          </reporter-output>
        </test-method> <!-- initLogin -->
        <test-method is-config="true" signature="closeDriver()[pri:0, instance:Academy.LoginPageTest@33b1c5c5]" started-at="2020-09-26T19:15:40 IST" name="closeDriver" finished-at="2020-09-26T19:15:42 IST" duration-ms="2466" status="PASS">
          <reporter-output>
          </reporter-output>
        </test-method> <!-- closeDriver -->
      </class> <!-- Academy.LoginPageTest -->
    </test> <!-- Login -->
    <test started-at="2020-09-26T19:16:04 IST" name="Validating NavBar" finished-at="2020-09-26T19:17:16 IST" duration-ms="71648">
      <class name="Academy.NavBarCheck">
        <test-method is-config="true" signature="initDrive()[pri:0, instance:Academy.NavBarCheck@4372b9b6]" started-at="2020-09-26T19:16:04 IST" name="initDrive" finished-at="2020-09-26T19:17:02 IST" duration-ms="58179" status="PASS">
          <reporter-output>
          </reporter-output>
        </test-method> <!-- initDrive -->
        <test-method signature="getScrollableCardLinks()[pri:0, instance:Academy.NavBarCheck@4372b9b6]" started-at="2020-09-26T19:17:02 IST" name="getScrollableCardLinks" finished-at="2020-09-26T19:17:12 IST" duration-ms="9905" status="FAIL">
          <exception class="java.lang.AssertionError">
            <message>
              <![CDATA[expected [22] but found [24]]]>
            </message>
            <full-stacktrace>
              <![CDATA[java.lang.AssertionError: expected [22] but found [24]
at org.testng.Assert.fail(Assert.java:99)
at org.testng.Assert.failNotEquals(Assert.java:1037)
at org.testng.Assert.assertEqualsImpl(Assert.java:140)
at org.testng.Assert.assertEquals(Assert.java:122)
at org.testng.Assert.assertEquals(Assert.java:907)
at org.testng.Assert.assertEquals(Assert.java:917)
at Academy.NavBarCheck.getScrollableCardLinks(NavBarCheck.java:44)
at java.base/jdk.internal.reflect.NativeMethodAccessorImpl.invoke0(Native Method)
at java.base/jdk.internal.reflect.NativeMethodAccessorImpl.invoke(NativeMethodAccessorImpl.java:62)
at java.base/jdk.internal.reflect.DelegatingMethodAccessorImpl.invoke(DelegatingMethodAccessorImpl.java:43)
at java.base/java.lang.reflect.Method.invoke(Method.java:564)
at org.testng.internal.MethodInvocationHelper.invokeMethod(MethodInvocationHelper.java:132)
at org.testng.internal.TestInvoker.invokeMethod(TestInvoker.java:599)
at org.testng.internal.TestInvoker.invokeTestMethod(TestInvoker.java:174)
at org.testng.internal.MethodRunner.runInSequence(MethodRunner.java:46)
at org.testng.internal.TestInvoker$MethodInvocationAgent.invoke(TestInvoker.java:822)
at org.testng.internal.TestInvoker.invokeTestMethods(TestInvoker.java:147)
at org.testng.internal.TestMethodWorker.invokeTestMethods(TestMethodWorker.java:146)
at org.testng.internal.TestMethodWorker.run(TestMethodWorker.java:128)
at java.base/java.util.ArrayList.forEach(ArrayList.java:1511)
at org.testng.TestRunner.privateRun(TestRunner.java:764)
at org.testng.TestRunner.run(TestRunner.java:585)
at org.testng.SuiteRunner.runTest(SuiteRunner.java:384)
at org.testng.SuiteRunner.runSequentially(SuiteRunner.java:378)
at org.testng.SuiteRunner.privateRun(SuiteRunner.java:337)
at org.testng.SuiteRunner.run(SuiteRunner.java:286)
at org.testng.SuiteRunnerWorker.runSuite(SuiteRunnerWorker.java:53)
at org.testng.SuiteRunnerWorker.run(SuiteRunnerWorker.java:96)
at org.testng.TestNG.runSuitesSequentially(TestNG.java:1218)
at org.testng.TestNG.runSuitesLocally(TestNG.java:1140)
at org.testng.TestNG.runSuites(TestNG.java:1069)
at org.testng.TestNG.run(TestNG.java:1037)
at org.apache.maven.surefire.testng.TestNGExecutor.run(TestNGExecutor.java:284)
at org.apache.maven.surefire.testng.TestNGXmlTestSuite.execute(TestNGXmlTestSuite.java:75)
at org.apache.maven.surefire.testng.TestNGProvider.invoke(TestNGProvider.java:119)
at org.apache.maven.surefire.booter.ForkedBooter.runSuitesInProcess(ForkedBooter.java:428)
at org.apache.maven.surefire.booter.ForkedBooter.execute(ForkedBooter.java:162)
at org.apache.maven.surefire.booter.ForkedBooter.run(ForkedBooter.java:562)
at org.apache.maven.surefire.booter.ForkedBooter.main(ForkedBooter.java:548)
]]>
            </full-stacktrace>
          </exception> <!-- java.lang.AssertionError -->
          <reporter-output>
          </reporter-output>
        </test-method> <!-- getScrollableCardLinks -->
        <test-method signature="navBarDisplay()[pri:0, instance:Academy.NavBarCheck@4372b9b6]" started-at="2020-09-26T19:17:13 IST" name="navBarDisplay" finished-at="2020-09-26T19:17:13 IST" duration-ms="256" status="FAIL">
          <exception class="java.lang.AssertionError">
            <message>
              <![CDATA[expected [false] but found [true]]]>
            </message>
            <full-stacktrace>
              <![CDATA[java.lang.AssertionError: expected [false] but found [true]
at org.testng.Assert.fail(Assert.java:99)
at org.testng.Assert.failNotEquals(Assert.java:1037)
at org.testng.Assert.assertFalse(Assert.java:67)
at org.testng.Assert.assertFalse(Assert.java:77)
at Academy.NavBarCheck.navBarDisplay(NavBarCheck.java:36)
at java.base/jdk.internal.reflect.NativeMethodAccessorImpl.invoke0(Native Method)
at java.base/jdk.internal.reflect.NativeMethodAccessorImpl.invoke(NativeMethodAccessorImpl.java:62)
at java.base/jdk.internal.reflect.DelegatingMethodAccessorImpl.invoke(DelegatingMethodAccessorImpl.java:43)
at java.base/java.lang.reflect.Method.invoke(Method.java:564)
at org.testng.internal.MethodInvocationHelper.invokeMethod(MethodInvocationHelper.java:132)
at org.testng.internal.TestInvoker.invokeMethod(TestInvoker.java:599)
at org.testng.internal.TestInvoker.invokeTestMethod(TestInvoker.java:174)
at org.testng.internal.MethodRunner.runInSequence(MethodRunner.java:46)
at org.testng.internal.TestInvoker$MethodInvocationAgent.invoke(TestInvoker.java:822)
at org.testng.internal.TestInvoker.invokeTestMethods(TestInvoker.java:147)
at org.testng.internal.TestMethodWorker.invokeTestMethods(TestMethodWorker.java:146)
at org.testng.internal.TestMethodWorker.run(TestMethodWorker.java:128)
at java.base/java.util.ArrayList.forEach(ArrayList.java:1511)
at org.testng.TestRunner.privateRun(TestRunner.java:764)
at org.testng.TestRunner.run(TestRunner.java:585)
at org.testng.SuiteRunner.runTest(SuiteRunner.java:384)
at org.testng.SuiteRunner.runSequentially(SuiteRunner.java:378)
at org.testng.SuiteRunner.privateRun(SuiteRunner.java:337)
at org.testng.SuiteRunner.run(SuiteRunner.java:286)
at org.testng.SuiteRunnerWorker.runSuite(SuiteRunnerWorker.java:53)
at org.testng.SuiteRunnerWorker.run(SuiteRunnerWorker.java:96)
at org.testng.TestNG.runSuitesSequentially(TestNG.java:1218)
at org.testng.TestNG.runSuitesLocally(TestNG.java:1140)
at org.testng.TestNG.runSuites(TestNG.java:1069)
at org.testng.TestNG.run(TestNG.java:1037)
at org.apache.maven.surefire.testng.TestNGExecutor.run(TestNGExecutor.java:284)
at org.apache.maven.surefire.testng.TestNGXmlTestSuite.execute(TestNGXmlTestSuite.java:75)
at org.apache.maven.surefire.testng.TestNGProvider.invoke(TestNGProvider.java:119)
at org.apache.maven.surefire.booter.ForkedBooter.runSuitesInProcess(ForkedBooter.java:428)
at org.apache.maven.surefire.booter.ForkedBooter.execute(ForkedBooter.java:162)
at org.apache.maven.surefire.booter.ForkedBooter.run(ForkedBooter.java:562)
at org.apache.maven.surefire.booter.ForkedBooter.main(ForkedBooter.java:548)
]]>
            </full-stacktrace>
          </exception> <!-- java.lang.AssertionError -->
          <reporter-output>
          </reporter-output>
        </test-method> <!-- navBarDisplay -->
        <test-method is-config="true" signature="driverClose()[pri:0, instance:Academy.NavBarCheck@4372b9b6]" started-at="2020-09-26T19:17:14 IST" name="driverClose" finished-at="2020-09-26T19:17:16 IST" duration-ms="1722" status="PASS">
          <reporter-output>
          </reporter-output>
        </test-method> <!-- driverClose -->
      </class> <!-- Academy.NavBarCheck -->
    </test> <!-- Validating NavBar -->
  </suite> <!-- Suite -->
</testng-results>
